<?xml version="1.0" encoding="UTF-8"?>
<!-- Generated by org.testng.reporters.JUnitXMLReporter -->
<testsuite ignored="0" hostname="DESKTOP-NI7S81B" failures="0" tests="9" name="Free CRM Test Cases" time="172.255" errors="0" timestamp="2022-11-16T10:11:16 IST">
  <testcase classname="com.crm.qa.testcases.LoginPageTest" name="loginTest" time="2.91"/>
  <testcase classname="com.crm.qa.testcases.LoginPageTest" name="landingPageTitleTest" time="0.065"/>
  <testcase classname="com.crm.qa.testcases.LoginPageTest" name="validatelogoTest" time="0.279"/>
  <testcase classname="com.crm.qa.testcases.HomePageTest" name="verifyHomePageTitleTest" time="2.338"/>
  <testcase classname="com.crm.qa.testcases.HomePageTest" name="veriyCorrectUsernameTest" time="2.893"/>
  <testcase classname="com.crm.qa.testcases.HomePageTest" name="verifyTaskLinkTest" time="4.988"/>
  <testcase classname="com.crm.qa.testcases.TaskPageTest" name="searchCustmerByNameTest" time="6.095"/>
  <testcase classname="com.crm.qa.testcases.TaskPageTest" name="verifyTaskPageTitleTest" time="0.161"/>
  <testcase classname="com.crm.qa.testcases.TaskPageTest" name="verifyCustmerSearchTextboxTest" time="0.331"/>
</testsuite> <!-- Free CRM Test Cases -->
